android/app/build/intermediates/manifest_merge_blame_file/release/manifest-merger-blame-release-report.txt
1<?xml version="1.0" encoding="utf-8"?>
2<manifest xmlns:android="http://schemas.android.com/apk/res/android"
3    package="com.rezeet"
4    android:versionCode="1"
5    android:versionName="1.0" >
6
7    <uses-sdk
8        android:minSdkVersion="21"
8-->src\main\AndroidManifest.xml
9        android:targetSdkVersion="33" />
9-->src\main\AndroidManifest.xml
10
11    <uses-permission android:name="android.permission.INTERNET" />
11-->src\main\AndroidManifest.xml:3:5-67
11-->src\main\AndroidManifest.xml:3:22-64
12    <uses-permission android:name="android.permission.CAMERA" />
12-->[:react-native-camera] AndroidManifest.xml:7:5-65
12-->[:react-native-camera] AndroidManifest.xml:7:22-62
13
14    <uses-feature
14-->[:react-native-camera] AndroidManifest.xml:9:5-11:36
15        android:name="android.hardware.camera"
15-->[:react-native-camera] AndroidManifest.xml:10:9-47
16        android:required="false" />
16-->[:react-native-camera] AndroidManifest.xml:11:9-33
17    <uses-feature
17-->[:react-native-camera] AndroidManifest.xml:12:5-14:36
18        android:name="android.hardware.camera.autofocus"
18-->[:react-native-camera] AndroidManifest.xml:13:9-57
19        android:required="false" />
19-->[:react-native-camera] AndroidManifest.xml:14:9-33
20
21    <queries>
21-->[:react-native-image-crop-picker] AndroidManifest.xml:7:5-11:15
22        <intent>
22-->[:react-native-image-crop-picker] AndroidManifest.xml:8:9-10:18
23            <action android:name="android.media.action.IMAGE_CAPTURE" />
23-->[:react-native-image-crop-picker] AndroidManifest.xml:9:13-73
23-->[:react-native-image-crop-picker] AndroidManifest.xml:9:21-70
24        </intent>
25    </queries>
26
27    <uses-permission android:name="android.permission.WRITE_EXTERNAL_STORAGE" />
27-->[:react-native-image-crop-picker] AndroidManifest.xml:13:5-81
27-->[:react-native-image-crop-picker] AndroidManifest.xml:13:22-78
28    <uses-permission android:name="android.permission.READ_EXTERNAL_STORAGE" /> <!-- Although the *SdkVersion is captured in gradle build files, this is required for non gradle builds -->
29    <!-- <uses-sdk android:minSdkVersion="14"/> -->
30    <uses-permission android:name="android.permission.ACCESS_NETWORK_STATE" />
30-->[com.google.android.datatransport:transport-backend-cct:2.3.3] AndroidManifest.xml:25:5-79
30-->[com.google.android.datatransport:transport-backend-cct:2.3.3] AndroidManifest.xml:25:22-76
31    <!--
32 <uses-permission android:name="android.permission.ACCESS_FINE_LOCATION" />
33    <uses-permission android:name="android.permission.ACCESS_COARSE_LOCATION" />
34    <uses-permission android:name="android.permission.VIBRATE"/>
35    <uses-permission android:name="android.permission.CAMERA" />
36    <uses-permission android:name="android.permission.WRITE_EXTERNAL_STORAGE"/>
37    <uses-permission android:name="android.permission.ACCESS_NETWORK_STATE" />
38    -->
39    <!-- <uses-permission android:name="android.permission.ACCESS_BACKGROUND_LOCATION" /> -->
40    <application
40-->src\main\AndroidManifest.xml:17:5-39:19
41        android:name="com.rezeet.MainApplication"
41-->src\main\AndroidManifest.xml:18:7-38
42        android:allowBackup="false"
42-->src\main\AndroidManifest.xml:22:7-34
43        android:appComponentFactory="androidx.core.app.CoreComponentFactory"
43-->[androidx.core:core:1.8.0] AndroidManifest.xml:24:18-86
44        android:exported="true"
44-->src\main\AndroidManifest.xml:23:7-30
45        android:icon="@mipmap/ic_launcher"
45-->src\main\AndroidManifest.xml:20:7-41
46        android:label="@string/app_name"
46-->src\main\AndroidManifest.xml:19:7-39
47        android:roundIcon="@mipmap/ic_launcher_round"
47-->src\main\AndroidManifest.xml:21:7-52
48        android:theme="@style/AppTheme"
48-->src\main\AndroidManifest.xml:25:7-38
49        android:usesCleartextTraffic="true" >
49-->src\main\AndroidManifest.xml:24:7-42
50        <activity
50-->src\main\AndroidManifest.xml:26:7-38:18
51            android:name="com.rezeet.MainActivity"
51-->src\main\AndroidManifest.xml:27:9-37
52            android:configChanges="keyboard|keyboardHidden|orientation|screenLayout|screenSize|smallestScreenSize|uiMode"
52-->src\main\AndroidManifest.xml:30:9-118
53            android:exported="true"
53-->src\main\AndroidManifest.xml:33:9-32
54            android:label="@string/app_name"
54-->src\main\AndroidManifest.xml:28:9-41
55            android:launchMode="singleTask"
55-->src\main\AndroidManifest.xml:31:9-40
56            android:windowSoftInputMode="adjustResize" >
56-->src\main\AndroidManifest.xml:32:9-51
57            <intent-filter>
57-->src\main\AndroidManifest.xml:34:9-37:25
58                <action android:name="android.intent.action.MAIN" />
58-->src\main\AndroidManifest.xml:35:13-65
58-->src\main\AndroidManifest.xml:35:21-62
59
60                <category android:name="android.intent.category.LAUNCHER" />
60-->src\main\AndroidManifest.xml:36:13-73
60-->src\main\AndroidManifest.xml:36:23-70
61            </intent-filter>
62        </activity>
63
64        <provider
64-->[:react-native-image-crop-picker] AndroidManifest.xml:16:9-24:20
65            android:name="com.reactnative.ivpusic.imagepicker.IvpusicImagePickerFileProvider"
65-->[:react-native-image-crop-picker] AndroidManifest.xml:17:13-94
66            android:authorities="com.rezeet.provider"
66-->[:react-native-image-crop-picker] AndroidManifest.xml:18:13-60
67            android:exported="false"
67-->[:react-native-image-crop-picker] AndroidManifest.xml:19:13-37
68            android:grantUriPermissions="true" >
68-->[:react-native-image-crop-picker] AndroidManifest.xml:20:13-47
69            <meta-data
69-->[:react-native-image-crop-picker] AndroidManifest.xml:21:13-23:78
70                android:name="android.support.FILE_PROVIDER_PATHS"
70-->[:react-native-image-crop-picker] AndroidManifest.xml:22:17-67
71                android:resource="@xml/ivpusic_imagepicker_provider_paths" />
71-->[:react-native-image-crop-picker] AndroidManifest.xml:23:17-75
72        </provider>
73
74        <activity
74-->[:react-native-image-crop-picker] AndroidManifest.xml:26:9-28:72
75            android:name="com.yalantis.ucrop.UCropActivity"
75-->[:react-native-image-crop-picker] AndroidManifest.xml:27:13-60
76            android:theme="@style/Theme.AppCompat.Light.NoActionBar" />
76-->[:react-native-image-crop-picker] AndroidManifest.xml:28:13-69
77
78        <provider
78-->[:react-native-share] AndroidManifest.xml:8:9-16:20
79            android:name="cl.json.RNShareFileProvider"
79-->[:react-native-share] AndroidManifest.xml:9:13-55
80            android:authorities="com.rezeet.rnshare.fileprovider"
80-->[:react-native-share] AndroidManifest.xml:10:13-72
81            android:exported="false"
81-->[:react-native-share] AndroidManifest.xml:11:13-37
82            android:grantUriPermissions="true" >
82-->[:react-native-share] AndroidManifest.xml:12:13-47
83            <meta-data
83-->[:react-native-image-crop-picker] AndroidManifest.xml:21:13-23:78
84                android:name="android.support.FILE_PROVIDER_PATHS"
84-->[:react-native-image-crop-picker] AndroidManifest.xml:22:17-67
85                android:resource="@xml/share_download_paths" />
85-->[:react-native-image-crop-picker] AndroidManifest.xml:23:17-75
86        </provider>
87        <provider
87-->[:react-native-webview] AndroidManifest.xml:8:9-16:20
88            android:name="com.reactnativecommunity.webview.RNCWebViewFileProvider"
88-->[:react-native-webview] AndroidManifest.xml:9:13-83
89            android:authorities="com.rezeet.fileprovider"
89-->[:react-native-webview] AndroidManifest.xml:10:13-64
90            android:exported="false"
90-->[:react-native-webview] AndroidManifest.xml:11:13-37
91            android:grantUriPermissions="true" >
91-->[:react-native-webview] AndroidManifest.xml:12:13-47
92            <meta-data
92-->[:react-native-image-crop-picker] AndroidManifest.xml:21:13-23:78
93                android:name="android.support.FILE_PROVIDER_PATHS"
93-->[:react-native-image-crop-picker] AndroidManifest.xml:22:17-67
94                android:resource="@xml/file_provider_paths" />
94-->[:react-native-image-crop-picker] AndroidManifest.xml:23:17-75
95        </provider>
96
97        <service
97-->[com.google.android.gms:play-services-mlkit-barcode-scanning:16.2.0] AndroidManifest.xml:9:9-15:19
98            android:name="com.google.mlkit.common.internal.MlKitComponentDiscoveryService"
98-->[com.google.android.gms:play-services-mlkit-barcode-scanning:16.2.0] AndroidManifest.xml:10:13-91
99            android:directBootAware="true"
99-->[com.google.mlkit:common:17.2.0] AndroidManifest.xml:17:13-43
100            android:exported="false" >
100-->[com.google.android.gms:play-services-mlkit-barcode-scanning:16.2.0] AndroidManifest.xml:11:13-37
101            <meta-data
101-->[com.google.android.gms:play-services-mlkit-barcode-scanning:16.2.0] AndroidManifest.xml:12:13-14:85
102                android:name="com.google.firebase.components:com.google.mlkit.vision.barcode.internal.BarcodeRegistrar"
102-->[com.google.android.gms:play-services-mlkit-barcode-scanning:16.2.0] AndroidManifest.xml:13:17-120
103                android:value="com.google.firebase.components.ComponentRegistrar" />
103-->[com.google.android.gms:play-services-mlkit-barcode-scanning:16.2.0] AndroidManifest.xml:14:17-82
104            <meta-data
104-->[com.google.android.gms:play-services-mlkit-face-detection:16.2.0] AndroidManifest.xml:12:13-14:85
105                android:name="com.google.firebase.components:com.google.mlkit.vision.face.internal.FaceRegistrar"
105-->[com.google.android.gms:play-services-mlkit-face-detection:16.2.0] AndroidManifest.xml:13:17-114
106                android:value="com.google.firebase.components.ComponentRegistrar" />
106-->[com.google.android.gms:play-services-mlkit-face-detection:16.2.0] AndroidManifest.xml:14:17-82
107            <meta-data
107-->[com.google.android.gms:play-services-mlkit-text-recognition:16.3.0] AndroidManifest.xml:12:13-14:85
108                android:name="com.google.firebase.components:com.google.mlkit.vision.text.internal.TextRegistrar"
108-->[com.google.android.gms:play-services-mlkit-text-recognition:16.3.0] AndroidManifest.xml:13:17-114
109                android:value="com.google.firebase.components.ComponentRegistrar" />
109-->[com.google.android.gms:play-services-mlkit-text-recognition:16.3.0] AndroidManifest.xml:14:17-82
110            <meta-data
110-->[com.google.mlkit:vision-common:16.5.0] AndroidManifest.xml:12:13-14:85
111                android:name="com.google.firebase.components:com.google.mlkit.vision.common.internal.VisionCommonRegistrar"
111-->[com.google.mlkit:vision-common:16.5.0] AndroidManifest.xml:13:17-124
112                android:value="com.google.firebase.components.ComponentRegistrar" />
112-->[com.google.mlkit:vision-common:16.5.0] AndroidManifest.xml:14:17-82
113            <meta-data
113-->[com.google.mlkit:common:17.2.0] AndroidManifest.xml:20:13-22:85
114                android:name="com.google.firebase.components:com.google.mlkit.common.internal.CommonComponentRegistrar"
114-->[com.google.mlkit:common:17.2.0] AndroidManifest.xml:21:17-120
115                android:value="com.google.firebase.components.ComponentRegistrar" />
115-->[com.google.mlkit:common:17.2.0] AndroidManifest.xml:22:17-82
116        </service>
117
118        <provider
118-->[com.google.mlkit:common:17.2.0] AndroidManifest.xml:9:9-13:38
119            android:name="com.google.mlkit.common.internal.MlKitInitProvider"
119-->[com.google.mlkit:common:17.2.0] AndroidManifest.xml:10:13-78
120            android:authorities="com.rezeet.mlkitinitprovider"
120-->[com.google.mlkit:common:17.2.0] AndroidManifest.xml:11:13-69
121            android:exported="false"
121-->[com.google.mlkit:common:17.2.0] AndroidManifest.xml:12:13-37
122            android:initOrder="99" />
122-->[com.google.mlkit:common:17.2.0] AndroidManifest.xml:13:13-35
123
124        <activity
124-->[com.google.android.gms:play-services-base:17.6.0] AndroidManifest.xml:23:9-26:75
125            android:name="com.google.android.gms.common.api.GoogleApiActivity"
125-->[com.google.android.gms:play-services-base:17.6.0] AndroidManifest.xml:24:13-79
126            android:exported="false"
126-->[com.google.android.gms:play-services-base:17.6.0] AndroidManifest.xml:25:13-37
127            android:theme="@android:style/Theme.Translucent.NoTitleBar" />
127-->[com.google.android.gms:play-services-base:17.6.0] AndroidManifest.xml:26:13-72
128
129        <meta-data
129-->[com.google.android.gms:play-services-basement:17.6.0] AndroidManifest.xml:23:9-25:69
130            android:name="com.google.android.gms.version"
130-->[com.google.android.gms:play-services-basement:17.6.0] AndroidManifest.xml:24:13-58
131            android:value="@integer/google_play_services_version" />
131-->[com.google.android.gms:play-services-basement:17.6.0] AndroidManifest.xml:25:13-66
132
133        <provider
133-->[androidx.emoji2:emoji2:1.2.0] AndroidManifest.xml:24:9-32:20
134            android:name="androidx.startup.InitializationProvider"
134-->[androidx.emoji2:emoji2:1.2.0] AndroidManifest.xml:25:13-67
135            android:authorities="com.rezeet.androidx-startup"
135-->[androidx.emoji2:emoji2:1.2.0] AndroidManifest.xml:26:13-68
136            android:exported="false" >
136-->[androidx.emoji2:emoji2:1.2.0] AndroidManifest.xml:27:13-37
137            <meta-data
137-->[androidx.emoji2:emoji2:1.2.0] AndroidManifest.xml:29:13-31:52
138                android:name="androidx.emoji2.text.EmojiCompatInitializer"
138-->[androidx.emoji2:emoji2:1.2.0] AndroidManifest.xml:30:17-75
139                android:value="androidx.startup" />
139-->[androidx.emoji2:emoji2:1.2.0] AndroidManifest.xml:31:17-49
140            <meta-data
140-->[androidx.lifecycle:lifecycle-process:2.4.1] AndroidManifest.xml:31:13-33:52
141                android:name="androidx.lifecycle.ProcessLifecycleInitializer"
141-->[androidx.lifecycle:lifecycle-process:2.4.1] AndroidManifest.xml:32:17-78
142                android:value="androidx.startup" />
142-->[androidx.lifecycle:lifecycle-process:2.4.1] AndroidManifest.xml:33:17-49
143        </provider>
144
145        <meta-data
145-->[com.facebook.soloader:soloader:0.10.5] AndroidManifest.xml:12:9-14:37
146            android:name="com.facebook.soloader.enabled"
146-->[com.facebook.soloader:soloader:0.10.5] AndroidManifest.xml:13:13-57
147            android:value="false" />
147-->[com.facebook.soloader:soloader:0.10.5] AndroidManifest.xml:14:13-34
148
149        <service
149-->[com.google.android.datatransport:transport-backend-cct:2.3.3] AndroidManifest.xml:29:9-35:19
150            android:name="com.google.android.datatransport.runtime.backends.TransportBackendDiscovery"
150-->[com.google.android.datatransport:transport-backend-cct:2.3.3] AndroidManifest.xml:30:13-103
151            android:exported="false" >
151-->[com.google.android.datatransport:transport-backend-cct:2.3.3] AndroidManifest.xml:31:13-37
152            <meta-data
152-->[com.google.android.datatransport:transport-backend-cct:2.3.3] AndroidManifest.xml:32:13-34:39
153                android:name="backend:com.google.android.datatransport.cct.CctBackendFactory"
153-->[com.google.android.datatransport:transport-backend-cct:2.3.3] AndroidManifest.xml:33:17-94
154                android:value="cct" />
154-->[com.google.android.datatransport:transport-backend-cct:2.3.3] AndroidManifest.xml:34:17-36
155        </service>
156        <service
156-->[com.google.android.datatransport:transport-runtime:2.2.6] AndroidManifest.xml:26:9-30:19
157            android:name="com.google.android.datatransport.runtime.scheduling.jobscheduling.JobInfoSchedulerService"
157-->[com.google.android.datatransport:transport-runtime:2.2.6] AndroidManifest.xml:27:13-117
158            android:exported="false"
158-->[com.google.android.datatransport:transport-runtime:2.2.6] AndroidManifest.xml:28:13-37
159            android:permission="android.permission.BIND_JOB_SERVICE" >
159-->[com.google.android.datatransport:transport-runtime:2.2.6] AndroidManifest.xml:29:13-69
160        </service>
161
162        <receiver
162-->[com.google.android.datatransport:transport-runtime:2.2.6] AndroidManifest.xml:32:9-34:40
163            android:name="com.google.android.datatransport.runtime.scheduling.jobscheduling.AlarmManagerSchedulerBroadcastReceiver"
163-->[com.google.android.datatransport:transport-runtime:2.2.6] AndroidManifest.xml:33:13-132
164            android:exported="false" />
164-->[com.google.android.datatransport:transport-runtime:2.2.6] AndroidManifest.xml:34:13-37
165    </application>
166
167</manifest>